* installing *source* package ‘sentopics’ ...
** package ‘sentopics’ successfully unpacked and MD5 sums checked
** using staged installation
** libs
using C++ compiler: ‘Apple clang version 15.0.0 (clang-1500.0.40.1)’
using SDK: ‘’
clang++ -arch arm64 -std=gnu++17 -I"/Library/Frameworks/R.framework/Resources/include" -DNDEBUG  -I'/Users/clauswilke/github/ggridges/revdep/library.noindex/sentopics/Rcpp/include' -I'/Users/clauswilke/github/ggridges/revdep/library.noindex/sentopics/RcppArmadillo/include' -I'/Users/clauswilke/github/ggridges/revdep/library.noindex/sentopics/RcppProgress/include' -I/opt/R/arm64/include    -fPIC  -falign-functions=64 -Wall -g -O2  -c RcppExports.cpp -o RcppExports.o
clang++ -arch arm64 -std=gnu++17 -I"/Library/Frameworks/R.framework/Resources/include" -DNDEBUG  -I'/Users/clauswilke/github/ggridges/revdep/library.noindex/sentopics/Rcpp/include' -I'/Users/clauswilke/github/ggridges/revdep/library.noindex/sentopics/RcppArmadillo/include' -I'/Users/clauswilke/github/ggridges/revdep/library.noindex/sentopics/RcppProgress/include' -I/opt/R/arm64/include    -fPIC  -falign-functions=64 -Wall -g -O2  -c fast_rdist.cpp -o fast_rdist.o
clang++ -arch arm64 -std=gnu++17 -I"/Library/Frameworks/R.framework/Resources/include" -DNDEBUG  -I'/Users/clauswilke/github/ggridges/revdep/library.noindex/sentopics/Rcpp/include' -I'/Users/clauswilke/github/ggridges/revdep/library.noindex/sentopics/RcppArmadillo/include' -I'/Users/clauswilke/github/ggridges/revdep/library.noindex/sentopics/RcppProgress/include' -I/opt/R/arm64/include    -fPIC  -falign-functions=64 -Wall -g -O2  -c math_func.cpp -o math_func.o
clang++ -arch arm64 -std=gnu++17 -I"/Library/Frameworks/R.framework/Resources/include" -DNDEBUG  -I'/Users/clauswilke/github/ggridges/revdep/library.noindex/sentopics/Rcpp/include' -I'/Users/clauswilke/github/ggridges/revdep/library.noindex/sentopics/RcppArmadillo/include' -I'/Users/clauswilke/github/ggridges/revdep/library.noindex/sentopics/RcppProgress/include' -I/opt/R/arm64/include    -fPIC  -falign-functions=64 -Wall -g -O2  -c model.cpp -o model.o
clang++ -arch arm64 -std=gnu++17 -I"/Library/Frameworks/R.framework/Resources/include" -DNDEBUG  -I'/Users/clauswilke/github/ggridges/revdep/library.noindex/sentopics/Rcpp/include' -I'/Users/clauswilke/github/ggridges/revdep/library.noindex/sentopics/RcppArmadillo/include' -I'/Users/clauswilke/github/ggridges/revdep/library.noindex/sentopics/RcppProgress/include' -I/opt/R/arm64/include    -fPIC  -falign-functions=64 -Wall -g -O2  -c polya_fit_simple.cpp -o polya_fit_simple.o
clang++ -arch arm64 -std=gnu++17 -dynamiclib -Wl,-headerpad_max_install_names -undefined dynamic_lookup -single_module -multiply_defined suppress -L/Library/Frameworks/R.framework/Resources/lib -L/opt/R/arm64/lib -o sentopics.so RcppExports.o fast_rdist.o math_func.o model.o polya_fit_simple.o -L/Library/Frameworks/R.framework/Resources/lib -lRlapack -L/Library/Frameworks/R.framework/Resources/lib -lRblas -L/opt/gfortran/lib/gcc/aarch64-apple-darwin20.0/12.2.0 -L/opt/gfortran/lib -lgfortran -lemutls_w -lquadmath -F/Library/Frameworks/R.framework/.. -framework R -Wl,-framework -Wl,CoreFoundation
ld: warning: -single_module is obsolete
ld: warning: -multiply_defined is obsolete
installing to /Users/clauswilke/github/ggridges/revdep/checks.noindex/sentopics/old/sentopics.Rcheck/00LOCK-sentopics/00new/sentopics/libs
** R
** data
*** moving datasets to lazyload DB
** inst
** byte-compile and prepare package for lazy loading
** help
*** installing help indices
*** copying figures
** building package indices
** installing vignettes
** testing if installed package can be loaded from temporary location
** checking absolute paths in shared objects and dynamic libraries
** testing if installed package can be loaded from final location
** testing if installed package keeps a record of temporary installation path
* DONE (sentopics)
