* using log directory ‘/Users/clauswilke/github/ggridges/revdep/checks.noindex/rexposome/new/rexposome.Rcheck’
* using R version 4.3.1 (2023-06-16)
* using platform: aarch64-apple-darwin20 (64-bit)
* R was compiled by
    Apple clang version 14.0.0 (clang-1400.0.29.202)
    GNU Fortran (GCC) 12.2.0
* running under: macOS Ventura 13.6
* using session charset: UTF-8
* using options ‘--no-manual --no-build-vignettes’
* checking for file ‘rexposome/DESCRIPTION’ ... OK
* this is package ‘rexposome’ version ‘1.24.1’
* package encoding: UTF-8
* checking package namespace information ... OK
* checking package dependencies ... OK
* checking if this is a source package ... OK
* checking if there is a namespace ... OK
* checking for executable files ... OK
* checking for hidden files and directories ... OK
* checking for portable file names ... WARNING
Found the following file with a non-portable file name:
  vignettes/rsconnect/documents/exposome_data_analysis.Rmd/rpubs.com/rpubs/Publish Document.dcf
These are not fully portable file names.
See section ‘Package structure’ in the ‘Writing R Extensions’ manual.
Found the following non-portable file path:
  rexposome/vignettes/rsconnect/documents/exposome_data_analysis.Rmd/rpubs.com/rpubs/Publish Document.dcf

Tarballs are only required to store paths of up to 100 bytes and cannot
store those of more than 256 bytes, with restrictions including to 100
bytes for the final component.
See section ‘Package structure’ in the ‘Writing R Extensions’ manual.
* checking for sufficient/correct file permissions ... OK
* checking whether package ‘rexposome’ can be installed ... OK
* checking installed package size ... NOTE
  installed size is 11.5Mb
  sub-directories of 1Mb or more:
    data      2.8Mb
    doc       5.5Mb
    extdata   2.2Mb
* checking package directory ... OK
* checking ‘build’ directory ... OK
* checking DESCRIPTION meta-information ... OK
* checking top-level files ... OK
* checking for left-over files ... OK
* checking index information ... OK
* checking package subdirectories ... OK
* checking R files for non-ASCII characters ... OK
* checking R files for syntax errors ... OK
* checking whether the package can be loaded ... OK
* checking whether the package can be loaded with stated dependencies ... OK
* checking whether the package can be unloaded cleanly ... OK
* checking whether the namespace can be loaded with stated dependencies ... OK
* checking whether the namespace can be unloaded cleanly ... OK
* checking loading without being on the library search path ... OK
* checking dependencies in R code ... WARNING
'::' or ':::' imports not declared from:
  ‘missMDA’ ‘nnet’ ‘sandwich’
* checking S3 generic/method consistency ... OK
* checking replacement functions ... OK
* checking foreign function calls ... OK
* checking R code for possible problems ... NOTE
imputeLOD: multiple local function definitions for ‘faux’ with
  different formal arguments
invExWAS,ExposomeSet : <anonymous>: no visible global function
  definition for ‘reformulate’
invExWAS,ExposomeSet : <anonymous>: no visible global function
  definition for ‘terms’
invExWAS,ExposomeSet : <anonymous>: no visible global function
  definition for ‘confint’
invExWAS,ExposomeSet: no visible global function definition for
  ‘reformulate’
invExWAS,ExposomeSet: no visible global function definition for ‘terms’
plotHistogram,ExposomeSet: no visible binding for global variable
  ‘..density..’
Undefined global functions or variables:
  ..density.. confint reformulate terms
Consider adding
  importFrom("stats", "confint", "reformulate", "terms")
to your NAMESPACE file.
* checking Rd files ... OK
* checking Rd metadata ... WARNING
Rd files with duplicated alias 'extract':
  ‘extract-methods.Rd’ ‘get_robust_sd-methods.Rd’
* checking Rd cross-references ... OK
* checking for missing documentation entries ... OK
* checking for code/documentation mismatches ... WARNING
S4 class codoc mismatches from documentation object 'ExWAS':
Slots for class 'ExWAS'
  Code: comparison description effective formula robust.std.err
  Docs: comparison description effective formula

* checking Rd \usage sections ... WARNING
Undocumented arguments in documentation object 'ExposomeSet'
  ‘robust’

Undocumented arguments in documentation object 'exwas'
  ‘robust’

Undocumented arguments in documentation object 'imExposomeSet'
  ‘robust’

Functions with \usage entries need to have the appropriate \alias
entries, and all their arguments documented.
The \usage entries must correspond to syntactically valid R code.
See chapter ‘Writing R documentation files’ in the ‘Writing R
Extensions’ manual.
* checking Rd contents ... OK
* checking for unstated dependencies in examples ... OK
* checking contents of ‘data’ directory ... OK
* checking data for non-ASCII characters ... OK
* checking LazyData ... OK
* checking data for ASCII and uncompressed saves ... OK
* checking installed files from ‘inst/doc’ ... OK
* checking files in ‘vignettes’ ... OK
* checking examples ... OK
* checking for unstated dependencies in vignettes ... OK
* checking package vignettes in ‘inst/doc’ ... OK
* checking running R code from vignettes ... NONE
  ‘exposome_data_analysis.Rmd’ using ‘UTF-8’... OK
  ‘mutiple_imputation_data_analysis.Rmd’ using ‘UTF-8’... OK
* checking re-building of vignette outputs ... SKIPPED
* DONE
Status: 5 WARNINGs, 2 NOTEs
