* installing *source* package ‘hdpGLM’ ...
** package ‘hdpGLM’ successfully unpacked and MD5 sums checked
** using staged installation
** libs
using C++ compiler: ‘Apple clang version 15.0.0 (clang-1500.0.40.1)’
using SDK: ‘’
clang++ -arch arm64 -std=gnu++17 -I"/Library/Frameworks/R.framework/Resources/include" -DNDEBUG  -I'/Users/clauswilke/github/ggridges/revdep/library.noindex/hdpGLM/Rcpp/include' -I'/Users/clauswilke/github/ggridges/revdep/library.noindex/hdpGLM/RcppArmadillo/include' -I/opt/R/arm64/include    -fPIC  -falign-functions=64 -Wall -g -O2  -c RcppExports.cpp -o RcppExports.o
clang++ -arch arm64 -std=gnu++17 -I"/Library/Frameworks/R.framework/Resources/include" -DNDEBUG  -I'/Users/clauswilke/github/ggridges/revdep/library.noindex/hdpGLM/Rcpp/include' -I'/Users/clauswilke/github/ggridges/revdep/library.noindex/hdpGLM/RcppArmadillo/include' -I/opt/R/arm64/include    -fPIC  -falign-functions=64 -Wall -g -O2  -c src_dpGLM.cpp -o src_dpGLM.o
clang++ -arch arm64 -std=gnu++17 -I"/Library/Frameworks/R.framework/Resources/include" -DNDEBUG  -I'/Users/clauswilke/github/ggridges/revdep/library.noindex/hdpGLM/Rcpp/include' -I'/Users/clauswilke/github/ggridges/revdep/library.noindex/hdpGLM/RcppArmadillo/include' -I/opt/R/arm64/include    -fPIC  -falign-functions=64 -Wall -g -O2  -c src_gibbs_gaussian.cpp -o src_gibbs_gaussian.o
src_gibbs_gaussian.cpp:93:7: warning: unused variable 'Dw' [-Wunused-variable]
  int Dw = W.n_cols - 1;
      ^
1 warning generated.
clang++ -arch arm64 -std=gnu++17 -I"/Library/Frameworks/R.framework/Resources/include" -DNDEBUG  -I'/Users/clauswilke/github/ggridges/revdep/library.noindex/hdpGLM/Rcpp/include' -I'/Users/clauswilke/github/ggridges/revdep/library.noindex/hdpGLM/RcppArmadillo/include' -I/opt/R/arm64/include    -fPIC  -falign-functions=64 -Wall -g -O2  -c src_hdpGLM.cpp -o src_hdpGLM.o
clang++ -arch arm64 -std=gnu++17 -I"/Library/Frameworks/R.framework/Resources/include" -DNDEBUG  -I'/Users/clauswilke/github/ggridges/revdep/library.noindex/hdpGLM/Rcpp/include' -I'/Users/clauswilke/github/ggridges/revdep/library.noindex/hdpGLM/RcppArmadillo/include' -I/opt/R/arm64/include    -fPIC  -falign-functions=64 -Wall -g -O2  -c src_hmc.cpp -o src_hmc.o
clang++ -arch arm64 -std=gnu++17 -I"/Library/Frameworks/R.framework/Resources/include" -DNDEBUG  -I'/Users/clauswilke/github/ggridges/revdep/library.noindex/hdpGLM/Rcpp/include' -I'/Users/clauswilke/github/ggridges/revdep/library.noindex/hdpGLM/RcppArmadillo/include' -I/opt/R/arm64/include    -fPIC  -falign-functions=64 -Wall -g -O2  -c src_hmc_binomial.cpp -o src_hmc_binomial.o
src_hmc_binomial.cpp:40:7: warning: unused variable 'n' [-Wunused-variable]
  int n                 = Xk.n_rows;
      ^
src_hmc_binomial.cpp:64:7: warning: unused variable 'ncols' [-Wunused-variable]
  int ncols = Sigma_beta.n_cols;
      ^
2 warnings generated.
clang++ -arch arm64 -std=gnu++17 -I"/Library/Frameworks/R.framework/Resources/include" -DNDEBUG  -I'/Users/clauswilke/github/ggridges/revdep/library.noindex/hdpGLM/Rcpp/include' -I'/Users/clauswilke/github/ggridges/revdep/library.noindex/hdpGLM/RcppArmadillo/include' -I/opt/R/arm64/include    -fPIC  -falign-functions=64 -Wall -g -O2  -c src_hmc_multinomial.cpp -o src_hmc_multinomial.o
clang++ -arch arm64 -std=gnu++17 -I"/Library/Frameworks/R.framework/Resources/include" -DNDEBUG  -I'/Users/clauswilke/github/ggridges/revdep/library.noindex/hdpGLM/Rcpp/include' -I'/Users/clauswilke/github/ggridges/revdep/library.noindex/hdpGLM/RcppArmadillo/include' -I/opt/R/arm64/include    -fPIC  -falign-functions=64 -Wall -g -O2  -c src_pi_z_update.cpp -o src_pi_z_update.o
src_pi_z_update.cpp:130:22: warning: unused variable 'J' [-Wunused-variable]
  int                J = conv_to<colvec>::from( unique(theta.col(1)) ).n_rows;
                     ^
1 warning generated.
clang++ -arch arm64 -std=gnu++17 -I"/Library/Frameworks/R.framework/Resources/include" -DNDEBUG  -I'/Users/clauswilke/github/ggridges/revdep/library.noindex/hdpGLM/Rcpp/include' -I'/Users/clauswilke/github/ggridges/revdep/library.noindex/hdpGLM/RcppArmadillo/include' -I/opt/R/arm64/include    -fPIC  -falign-functions=64 -Wall -g -O2  -c src_utils.cpp -o src_utils.o
clang++ -arch arm64 -std=gnu++17 -dynamiclib -Wl,-headerpad_max_install_names -undefined dynamic_lookup -single_module -multiply_defined suppress -L/Library/Frameworks/R.framework/Resources/lib -L/opt/R/arm64/lib -o hdpGLM.so RcppExports.o src_dpGLM.o src_gibbs_gaussian.o src_hdpGLM.o src_hmc.o src_hmc_binomial.o src_hmc_multinomial.o src_pi_z_update.o src_utils.o -L/Library/Frameworks/R.framework/Resources/lib -lRlapack -L/Library/Frameworks/R.framework/Resources/lib -lRblas -L/opt/gfortran/lib/gcc/aarch64-apple-darwin20.0/12.2.0 -L/opt/gfortran/lib -lgfortran -lemutls_w -lquadmath -F/Library/Frameworks/R.framework/.. -framework R -Wl,-framework -Wl,CoreFoundation
ld: warning: -single_module is obsolete
ld: warning: -multiply_defined is obsolete
installing to /Users/clauswilke/github/ggridges/revdep/checks.noindex/hdpGLM/new/hdpGLM.Rcheck/00LOCK-hdpGLM/00new/hdpGLM/libs
** R
** data
*** moving datasets to lazyload DB
** inst
** byte-compile and prepare package for lazy loading
** help
*** installing help indices
*** copying figures
** building package indices
** installing vignettes
** testing if installed package can be loaded from temporary location
** checking absolute paths in shared objects and dynamic libraries
** testing if installed package can be loaded from final location
** testing if installed package keeps a record of temporary installation path
* DONE (hdpGLM)
