* installing *source* package ‘phyr’ ...
** package ‘phyr’ successfully unpacked and MD5 sums checked
** using staged installation
** libs
using C++ compiler: ‘Apple clang version 15.0.0 (clang-1500.0.40.1)’
using SDK: ‘’
clang++ -arch arm64 -std=gnu++17 -I"/Library/Frameworks/R.framework/Resources/include" -DNDEBUG  -I'/Users/clauswilke/github/ggridges/revdep/library.noindex/phyr/Rcpp/include' -I'/Users/clauswilke/github/ggridges/revdep/library.noindex/phyr/RcppArmadillo/include' -I/opt/R/arm64/include    -fPIC  -falign-functions=64 -Wall -g -O2  -c RcppExports.cpp -o RcppExports.o
clang++ -arch arm64 -std=gnu++17 -I"/Library/Frameworks/R.framework/Resources/include" -DNDEBUG  -I'/Users/clauswilke/github/ggridges/revdep/library.noindex/phyr/Rcpp/include' -I'/Users/clauswilke/github/ggridges/revdep/library.noindex/phyr/RcppArmadillo/include' -I/opt/R/arm64/include    -fPIC  -falign-functions=64 -Wall -g -O2  -c binaryPGLMM.cpp -o binaryPGLMM.o
clang++ -arch arm64 -std=gnu++17 -I"/Library/Frameworks/R.framework/Resources/include" -DNDEBUG  -I'/Users/clauswilke/github/ggridges/revdep/library.noindex/phyr/Rcpp/include' -I'/Users/clauswilke/github/ggridges/revdep/library.noindex/phyr/RcppArmadillo/include' -I/opt/R/arm64/include    -fPIC  -falign-functions=64 -Wall -g -O2  -c cor_phylo.cpp -o cor_phylo.o
clang++ -arch arm64 -std=gnu++17 -I"/Library/Frameworks/R.framework/Resources/include" -DNDEBUG  -I'/Users/clauswilke/github/ggridges/revdep/library.noindex/phyr/Rcpp/include' -I'/Users/clauswilke/github/ggridges/revdep/library.noindex/phyr/RcppArmadillo/include' -I/opt/R/arm64/include    -fPIC  -falign-functions=64 -Wall -g -O2  -c pcd.cpp -o pcd.o
clang++ -arch arm64 -std=gnu++17 -I"/Library/Frameworks/R.framework/Resources/include" -DNDEBUG  -I'/Users/clauswilke/github/ggridges/revdep/library.noindex/phyr/Rcpp/include' -I'/Users/clauswilke/github/ggridges/revdep/library.noindex/phyr/RcppArmadillo/include' -I/opt/R/arm64/include    -fPIC  -falign-functions=64 -Wall -g -O2  -c pglmm_binary.cpp -o pglmm_binary.o
clang++ -arch arm64 -std=gnu++17 -I"/Library/Frameworks/R.framework/Resources/include" -DNDEBUG  -I'/Users/clauswilke/github/ggridges/revdep/library.noindex/phyr/Rcpp/include' -I'/Users/clauswilke/github/ggridges/revdep/library.noindex/phyr/RcppArmadillo/include' -I/opt/R/arm64/include    -fPIC  -falign-functions=64 -Wall -g -O2  -c pglmm_gaussian.cpp -o pglmm_gaussian.o
clang++ -arch arm64 -std=gnu++17 -I"/Library/Frameworks/R.framework/Resources/include" -DNDEBUG  -I'/Users/clauswilke/github/ggridges/revdep/library.noindex/phyr/Rcpp/include' -I'/Users/clauswilke/github/ggridges/revdep/library.noindex/phyr/RcppArmadillo/include' -I/opt/R/arm64/include    -fPIC  -falign-functions=64 -Wall -g -O2  -c psv.cpp -o psv.o
clang++ -arch arm64 -std=gnu++17 -dynamiclib -Wl,-headerpad_max_install_names -undefined dynamic_lookup -single_module -multiply_defined suppress -L/Library/Frameworks/R.framework/Resources/lib -L/opt/R/arm64/lib -o phyr.so RcppExports.o binaryPGLMM.o cor_phylo.o pcd.o pglmm_binary.o pglmm_gaussian.o psv.o -L/Library/Frameworks/R.framework/Resources/lib -lRlapack -L/Library/Frameworks/R.framework/Resources/lib -lRblas -L/opt/gfortran/lib/gcc/aarch64-apple-darwin20.0/12.2.0 -L/opt/gfortran/lib -lgfortran -lemutls_w -lquadmath -F/Library/Frameworks/R.framework/.. -framework R -Wl,-framework -Wl,CoreFoundation
ld: warning: -single_module is obsolete
ld: warning: -multiply_defined is obsolete
installing to /Users/clauswilke/github/ggridges/revdep/checks.noindex/phyr/new/phyr.Rcheck/00LOCK-phyr/00new/phyr/libs
** R
** data
*** moving datasets to lazyload DB
** inst
** byte-compile and prepare package for lazy loading
** help
*** installing help indices
** building package indices
** installing vignettes
** testing if installed package can be loaded from temporary location
** checking absolute paths in shared objects and dynamic libraries
** testing if installed package can be loaded from final location
** testing if installed package keeps a record of temporary installation path
* DONE (phyr)
