* installing *source* package ‘excluderanges’ ...
** using staged installation
** R
** inst
** byte-compile and prepare package for lazy loading
Warning messages:
1: package ‘S4Vectors’ was built under R version 4.3.2 
2: package ‘GenomeInfoDb’ was built under R version 4.3.2 
** help
*** installing help indices
*** copying figures
** building package indices
** installing vignettes
** testing if installed package can be loaded from temporary location
Warning: package ‘S4Vectors’ was built under R version 4.3.2
Warning: package ‘GenomeInfoDb’ was built under R version 4.3.2
** testing if installed package can be loaded from final location
Warning: package ‘S4Vectors’ was built under R version 4.3.2
Warning: package ‘GenomeInfoDb’ was built under R version 4.3.2
** testing if installed package keeps a record of temporary installation path
* DONE (excluderanges)
