* installing *source* package ‘reservr’ ...
** package ‘reservr’ successfully unpacked and MD5 sums checked
** using staged installation
** libs
using C++ compiler: ‘Apple clang version 15.0.0 (clang-1500.0.40.1)’
using SDK: ‘’
clang++ -arch arm64 -std=gnu++17 -I"/Library/Frameworks/R.framework/Resources/include" -DNDEBUG  -I'/Users/clauswilke/github/ggridges/revdep/library.noindex/reservr/BH/include' -I'/Users/clauswilke/github/ggridges/revdep/library.noindex/reservr/Rcpp/include' -I'/Users/clauswilke/github/ggridges/revdep/library.noindex/reservr/RcppArmadillo/include' -I'/Users/clauswilke/github/ggridges/revdep/library.noindex/reservr/RcppParallel/include' -I/opt/R/arm64/include    -fPIC  -falign-functions=64 -Wall -g -O2  -c RcppExports.cpp -o RcppExports.o
clang++ -arch arm64 -std=gnu++17 -I"/Library/Frameworks/R.framework/Resources/include" -DNDEBUG  -I'/Users/clauswilke/github/ggridges/revdep/library.noindex/reservr/BH/include' -I'/Users/clauswilke/github/ggridges/revdep/library.noindex/reservr/Rcpp/include' -I'/Users/clauswilke/github/ggridges/revdep/library.noindex/reservr/RcppArmadillo/include' -I'/Users/clauswilke/github/ggridges/revdep/library.noindex/reservr/RcppParallel/include' -I/opt/R/arm64/include    -fPIC  -falign-functions=64 -Wall -g -O2  -c compiled_dist.cpp -o compiled_dist.o
clang++ -arch arm64 -std=gnu++17 -I"/Library/Frameworks/R.framework/Resources/include" -DNDEBUG  -I'/Users/clauswilke/github/ggridges/revdep/library.noindex/reservr/BH/include' -I'/Users/clauswilke/github/ggridges/revdep/library.noindex/reservr/Rcpp/include' -I'/Users/clauswilke/github/ggridges/revdep/library.noindex/reservr/RcppArmadillo/include' -I'/Users/clauswilke/github/ggridges/revdep/library.noindex/reservr/RcppParallel/include' -I/opt/R/arm64/include    -fPIC  -falign-functions=64 -Wall -g -O2  -c dgamma_matrix.cpp -o dgamma_matrix.o
clang++ -arch arm64 -std=gnu++17 -I"/Library/Frameworks/R.framework/Resources/include" -DNDEBUG  -I'/Users/clauswilke/github/ggridges/revdep/library.noindex/reservr/BH/include' -I'/Users/clauswilke/github/ggridges/revdep/library.noindex/reservr/Rcpp/include' -I'/Users/clauswilke/github/ggridges/revdep/library.noindex/reservr/RcppArmadillo/include' -I'/Users/clauswilke/github/ggridges/revdep/library.noindex/reservr/RcppParallel/include' -I/opt/R/arm64/include    -fPIC  -falign-functions=64 -Wall -g -O2  -c erlang_mixture.cpp -o erlang_mixture.o
clang++ -arch arm64 -std=gnu++17 -I"/Library/Frameworks/R.framework/Resources/include" -DNDEBUG  -I'/Users/clauswilke/github/ggridges/revdep/library.noindex/reservr/BH/include' -I'/Users/clauswilke/github/ggridges/revdep/library.noindex/reservr/Rcpp/include' -I'/Users/clauswilke/github/ggridges/revdep/library.noindex/reservr/RcppArmadillo/include' -I'/Users/clauswilke/github/ggridges/revdep/library.noindex/reservr/RcppParallel/include' -I/opt/R/arm64/include    -fPIC  -falign-functions=64 -Wall -g -O2  -c integrate.cpp -o integrate.o
clang++ -arch arm64 -std=gnu++17 -I"/Library/Frameworks/R.framework/Resources/include" -DNDEBUG  -I'/Users/clauswilke/github/ggridges/revdep/library.noindex/reservr/BH/include' -I'/Users/clauswilke/github/ggridges/revdep/library.noindex/reservr/Rcpp/include' -I'/Users/clauswilke/github/ggridges/revdep/library.noindex/reservr/RcppArmadillo/include' -I'/Users/clauswilke/github/ggridges/revdep/library.noindex/reservr/RcppParallel/include' -I/opt/R/arm64/include    -fPIC  -falign-functions=64 -Wall -g -O2  -c softmax.cpp -o softmax.o
clang++ -arch arm64 -std=gnu++17 -dynamiclib -Wl,-headerpad_max_install_names -undefined dynamic_lookup -single_module -multiply_defined suppress -L/Library/Frameworks/R.framework/Resources/lib -L/opt/R/arm64/lib -o reservr.so RcppExports.o compiled_dist.o dgamma_matrix.o erlang_mixture.o integrate.o softmax.o -L/Library/Frameworks/R.framework/Resources/lib -lRlapack -L/Library/Frameworks/R.framework/Resources/lib -lRblas -L/opt/gfortran/lib/gcc/aarch64-apple-darwin20.0/12.2.0 -L/opt/gfortran/lib -lgfortran -lemutls_w -lquadmath -F/Library/Frameworks/R.framework/.. -framework R -Wl,-framework -Wl,CoreFoundation
ld: warning: -single_module is obsolete
ld: warning: -multiply_defined is obsolete
installing to /Users/clauswilke/github/ggridges/revdep/checks.noindex/reservr/old/reservr.Rcheck/00LOCK-reservr/00new/reservr/libs
** R
** inst
** byte-compile and prepare package for lazy loading
** help
*** installing help indices
** building package indices
** installing vignettes
** testing if installed package can be loaded from temporary location
** checking absolute paths in shared objects and dynamic libraries
** testing if installed package can be loaded from final location
** testing if installed package keeps a record of temporary installation path
* DONE (reservr)
