* installing *source* package ‘GenomeAdmixR’ ...
** package ‘GenomeAdmixR’ successfully unpacked and MD5 sums checked
** using staged installation
** libs
using C++ compiler: ‘Apple clang version 15.0.0 (clang-1500.0.40.1)’
using C++14
using SDK: ‘’
clang++ -arch arm64 -std=gnu++14 -I"/Library/Frameworks/R.framework/Resources/include" -DNDEBUG  -I'/Users/clauswilke/github/ggridges/revdep/library.noindex/GenomeAdmixR/Rcpp/include' -I'/Users/clauswilke/github/ggridges/revdep/library.noindex/GenomeAdmixR/RcppArmadillo/include' -I'/Users/clauswilke/github/ggridges/revdep/library.noindex/GenomeAdmixR/RcppParallel/include' -I/opt/R/arm64/include    -fPIC  -falign-functions=64 -Wall -g -O2  -c Fish.cpp -o Fish.o
clang++ -arch arm64 -std=gnu++14 -I"/Library/Frameworks/R.framework/Resources/include" -DNDEBUG  -I'/Users/clauswilke/github/ggridges/revdep/library.noindex/GenomeAdmixR/Rcpp/include' -I'/Users/clauswilke/github/ggridges/revdep/library.noindex/GenomeAdmixR/RcppArmadillo/include' -I'/Users/clauswilke/github/ggridges/revdep/library.noindex/GenomeAdmixR/RcppParallel/include' -I/opt/R/arm64/include    -fPIC  -falign-functions=64 -Wall -g -O2  -c RcppExports.cpp -o RcppExports.o
clang++ -arch arm64 -std=gnu++14 -I"/Library/Frameworks/R.framework/Resources/include" -DNDEBUG  -I'/Users/clauswilke/github/ggridges/revdep/library.noindex/GenomeAdmixR/Rcpp/include' -I'/Users/clauswilke/github/ggridges/revdep/library.noindex/GenomeAdmixR/RcppArmadillo/include' -I'/Users/clauswilke/github/ggridges/revdep/library.noindex/GenomeAdmixR/RcppParallel/include' -I/opt/R/arm64/include    -fPIC  -falign-functions=64 -Wall -g -O2  -c helper_functions.cpp -o helper_functions.o
helper_functions.cpp:261:7: warning: variable 'num_indiv' set but not used [-Wunused-but-set-variable]
  int num_indiv = 0;
      ^
1 warning generated.
clang++ -arch arm64 -std=gnu++14 -I"/Library/Frameworks/R.framework/Resources/include" -DNDEBUG  -I'/Users/clauswilke/github/ggridges/revdep/library.noindex/GenomeAdmixR/Rcpp/include' -I'/Users/clauswilke/github/ggridges/revdep/library.noindex/GenomeAdmixR/RcppArmadillo/include' -I'/Users/clauswilke/github/ggridges/revdep/library.noindex/GenomeAdmixR/RcppParallel/include' -I/opt/R/arm64/include    -fPIC  -falign-functions=64 -Wall -g -O2  -c simulate.cpp -o simulate.o
clang++ -arch arm64 -std=gnu++14 -I"/Library/Frameworks/R.framework/Resources/include" -DNDEBUG  -I'/Users/clauswilke/github/ggridges/revdep/library.noindex/GenomeAdmixR/Rcpp/include' -I'/Users/clauswilke/github/ggridges/revdep/library.noindex/GenomeAdmixR/RcppArmadillo/include' -I'/Users/clauswilke/github/ggridges/revdep/library.noindex/GenomeAdmixR/RcppParallel/include' -I/opt/R/arm64/include    -fPIC  -falign-functions=64 -Wall -g -O2  -c simulate_emp.cpp -o simulate_emp.o
clang++ -arch arm64 -std=gnu++14 -I"/Library/Frameworks/R.framework/Resources/include" -DNDEBUG  -I'/Users/clauswilke/github/ggridges/revdep/library.noindex/GenomeAdmixR/Rcpp/include' -I'/Users/clauswilke/github/ggridges/revdep/library.noindex/GenomeAdmixR/RcppArmadillo/include' -I'/Users/clauswilke/github/ggridges/revdep/library.noindex/GenomeAdmixR/RcppParallel/include' -I/opt/R/arm64/include    -fPIC  -falign-functions=64 -Wall -g -O2  -c simulate_migration.cpp -o simulate_migration.o
clang++ -arch arm64 -std=gnu++14 -I"/Library/Frameworks/R.framework/Resources/include" -DNDEBUG  -I'/Users/clauswilke/github/ggridges/revdep/library.noindex/GenomeAdmixR/Rcpp/include' -I'/Users/clauswilke/github/ggridges/revdep/library.noindex/GenomeAdmixR/RcppArmadillo/include' -I'/Users/clauswilke/github/ggridges/revdep/library.noindex/GenomeAdmixR/RcppParallel/include' -I/opt/R/arm64/include    -fPIC  -falign-functions=64 -Wall -g -O2  -c simulate_migration_emp.cpp -o simulate_migration_emp.o
clang++ -arch arm64 -std=gnu++14 -dynamiclib -Wl,-headerpad_max_install_names -undefined dynamic_lookup -single_module -multiply_defined suppress -L/Library/Frameworks/R.framework/Resources/lib -L/opt/R/arm64/lib -o GenomeAdmixR.so Fish.o RcppExports.o helper_functions.o simulate.o simulate_emp.o simulate_migration.o simulate_migration_emp.o -F/Library/Frameworks/R.framework/.. -framework R -Wl,-framework -Wl,CoreFoundation
ld: warning: -single_module is obsolete
ld: warning: -multiply_defined is obsolete
installing to /Users/clauswilke/github/ggridges/revdep/checks.noindex/GenomeAdmixR/old/GenomeAdmixR.Rcheck/00LOCK-GenomeAdmixR/00new/GenomeAdmixR/libs
** R
** data
** inst
** byte-compile and prepare package for lazy loading
** help
*** installing help indices
** building package indices
** installing vignettes
** testing if installed package can be loaded from temporary location
** checking absolute paths in shared objects and dynamic libraries
** testing if installed package can be loaded from final location
** testing if installed package keeps a record of temporary installation path
* DONE (GenomeAdmixR)
