* installing *source* package ‘AlphaPart’ ...
** package ‘AlphaPart’ successfully unpacked and MD5 sums checked
** using staged installation
** libs
using C compiler: ‘Apple clang version 15.0.0 (clang-1500.0.40.1)’
using C++ compiler: ‘Apple clang version 15.0.0 (clang-1500.0.40.1)’
using SDK: ‘’
clang++ -arch arm64 -std=gnu++17 -I"/Library/Frameworks/R.framework/Resources/include" -DNDEBUG  -I'/Users/clauswilke/github/ggridges/revdep/library.noindex/AlphaPart/Rcpp/include' -I/opt/R/arm64/include    -fPIC  -falign-functions=64 -Wall -g -O2  -c AlphaPartDrop.cpp -o AlphaPartDrop.o
AlphaPartDrop.cpp:10:13: warning: unused variable 'k' [-Wunused-variable]
  int i, j, k, t, p;
            ^
1 warning generated.
clang++ -arch arm64 -std=gnu++17 -I"/Library/Frameworks/R.framework/Resources/include" -DNDEBUG  -I'/Users/clauswilke/github/ggridges/revdep/library.noindex/AlphaPart/Rcpp/include' -I/opt/R/arm64/include    -fPIC  -falign-functions=64 -Wall -g -O2  -c AlphaPartDropGroup.cpp -o AlphaPartDropGroup.o
AlphaPartDropGroup.cpp:10:13: warning: unused variable 'k' [-Wunused-variable]
  int i, j, k, t, p;
            ^
1 warning generated.
clang -arch arm64 -I"/Library/Frameworks/R.framework/Resources/include" -DNDEBUG  -I'/Users/clauswilke/github/ggridges/revdep/library.noindex/AlphaPart/Rcpp/include' -I/opt/R/arm64/include    -fPIC  -falign-functions=64 -Wall -g -O2  -c init.c -o init.o
clang++ -arch arm64 -std=gnu++17 -dynamiclib -Wl,-headerpad_max_install_names -undefined dynamic_lookup -single_module -multiply_defined suppress -L/Library/Frameworks/R.framework/Resources/lib -L/opt/R/arm64/lib -o AlphaPart.so AlphaPartDrop.o AlphaPartDropGroup.o init.o -F/Library/Frameworks/R.framework/.. -framework R -Wl,-framework -Wl,CoreFoundation
ld: warning: -single_module is obsolete
ld: warning: -multiply_defined is obsolete
installing to /Users/clauswilke/github/ggridges/revdep/checks.noindex/AlphaPart/new/AlphaPart.Rcheck/00LOCK-AlphaPart/00new/AlphaPart/libs
** R
** data
*** moving datasets to lazyload DB
** demo
** inst
** byte-compile and prepare package for lazy loading
** help
*** installing help indices
*** copying figures
** building package indices
** installing vignettes
** testing if installed package can be loaded from temporary location
** checking absolute paths in shared objects and dynamic libraries
** testing if installed package can be loaded from final location
** testing if installed package keeps a record of temporary installation path
* DONE (AlphaPart)
